Build started 2/20/2016 4:22:14 PM.
     1>Project "G:\Univ\Intro to CV\Food pic\kinda works\plus.vcxproj" on node 2 (Build target(s)).
     1>ClCompile:
         C:\Program Files (x86)\Microsoft Visual Studio 12.0\VC\bin\CL.exe /c /Zi /nologo /W3 /WX- /O2 /Oy- /D WIN32 /D NDEBUG /D _WINDOWS /D _VC80_UPGRADE=0x0600 /D _MBCS /GF /Gm- /EHsc /MT /GS /Gy /fp:precise /Zc:wchar_t /Zc:forScope /Fo".\Release\\" /Fd".\Release\vc120.pdb" /Gd /TC /analyze- /errorReport:prompt main.c
         main.c
     1>g:\univ\intro to cv\food pic\kinda works\Contour.h(129): warning C4244: '=' : conversion from 'double' to 'float', possible loss of data
     1>g:\univ\intro to cv\food pic\kinda works\Contour.h(116): warning C4101: 'r1' : unreferenced local variable
     1>g:\univ\intro to cv\food pic\kinda works\Contour.h(116): warning C4101: 'c1' : unreferenced local variable
     1>g:\univ\intro to cv\food pic\kinda works\Contour.h(117): warning C4101: 'window7x7' : unreferenced local variable
     1>g:\univ\intro to cv\food pic\kinda works\Contour.h(116): warning C4101: 'c' : unreferenced local variable
     1>g:\univ\intro to cv\food pic\kinda works\Contour.h(116): warning C4101: 'r' : unreferenced local variable
     1>g:\univ\intro to cv\food pic\kinda works\Contour.h(166): warning C4244: '+=' : conversion from 'double' to 'float', possible loss of data
     1>g:\univ\intro to cv\food pic\kinda works\Contour.h(149): warning C4101: 'window7x7' : unreferenced local variable
     1>g:\univ\intro to cv\food pic\kinda works\Contour.h(200): warning C4244: '=' : conversion from 'double' to 'float', possible loss of data
     1>g:\univ\intro to cv\food pic\kinda works\Contour.h(211): warning C4244: '=' : conversion from 'double' to 'float', possible loss of data
     1>g:\univ\intro to cv\food pic\kinda works\Contour.h(263): warning C4101: 'ie2' : unreferenced local variable
     1>g:\univ\intro to cv\food pic\kinda works\FixedPointContour.h(26): warning C4244: '+=' : conversion from 'double' to 'float', possible loss of data
     1>g:\univ\intro to cv\food pic\kinda works\FixedPointContour.h(9): warning C4101: 'window7x7' : unreferenced local variable
     1>g:\univ\intro to cv\food pic\kinda works\FixedPointContour.h(51): warning C4101: 'ie2' : unreferenced local variable
     1>main.c(52): warning C4996: 'strcpy': This function or variable may be unsafe. Consider using strcpy_s instead. To disable deprecation, use _CRT_SECURE_NO_WARNINGS. See online help for details.
     1>main.c(116): warning C4996: 'fopen': This function or variable may be unsafe. Consider using fopen_s instead. To disable deprecation, use _CRT_SECURE_NO_WARNINGS. See online help for details.
                 C:\Program Files (x86)\Microsoft Visual Studio 12.0\VC\include\stdio.h(211) : see declaration of 'fopen'
     1>main.c(121): warning C4996: 'fscanf': This function or variable may be unsafe. Consider using fscanf_s instead. To disable deprecation, use _CRT_SECURE_NO_WARNINGS. See online help for details.
                 C:\Program Files (x86)\Microsoft Visual Studio 12.0\VC\include\stdio.h(230) : see declaration of 'fscanf'
     1>main.c(167): warning C4133: '=' : incompatible types - from 'unsigned char *' to 'int *'
     1>main.c(168): warning C4133: '=' : incompatible types - from 'unsigned char *' to 'int *'
     1>main.c(248): warning C4996: 'sprintf': This function or variable may be unsafe. Consider using sprintf_s instead. To disable deprecation, use _CRT_SECURE_NO_WARNINGS. See online help for details.
                 C:\Program Files (x86)\Microsoft Visual Studio 12.0\VC\include\stdio.h(356) : see declaration of 'sprintf'
     1>main.c(286): warning C4996: 'sprintf': This function or variable may be unsafe. Consider using sprintf_s instead. To disable deprecation, use _CRT_SECURE_NO_WARNINGS. See online help for details.
                 C:\Program Files (x86)\Microsoft Visual Studio 12.0\VC\include\stdio.h(356) : see declaration of 'sprintf'
     1>main.c(306): warning C4244: '=' : conversion from 'double' to 'int', possible loss of data
     1>main.c(320): warning C4244: '=' : conversion from 'double' to 'int', possible loss of data
     1>main.c(582): warning C4996: 'sprintf': This function or variable may be unsafe. Consider using sprintf_s instead. To disable deprecation, use _CRT_SECURE_NO_WARNINGS. See online help for details.
                 C:\Program Files (x86)\Microsoft Visual Studio 12.0\VC\include\stdio.h(356) : see declaration of 'sprintf'
       ResourceCompile:
         C:\Program Files (x86)\Windows Kits\8.1\bin\x86\rc.exe /D NDEBUG /D _VC80_UPGRADE=0x0600 /l"0x0409" /nologo /fo".\Release\interface.res" interface.rc 
       Link:
         C:\Program Files (x86)\Microsoft Visual Studio 12.0\VC\bin\link.exe /ERRORREPORT:PROMPT /OUT:".\Release\plus.exe" /INCREMENTAL:NO /NOLOGO odbc32.lib odbccp32.lib kernel32.lib user32.lib gdi32.lib winspool.lib comdlg32.lib advapi32.lib shell32.lib ole32.lib oleaut32.lib uuid.lib odbc32.lib odbccp32.lib /MANIFEST /MANIFESTUAC:"level='asInvoker' uiAccess='false'" /manifest:embed /PDB:".\Release\plus.pdb" /SUBSYSTEM:WINDOWS /TLBID:1 /DYNAMICBASE /NXCOMPAT /IMPLIB:".\Release\plus.lib" /MACHINE:X86 /SAFESEH .\Release\interface.res
         .\Release\main.obj
         plus.vcxproj -> G:\Univ\Intro to CV\Food pic\kinda works\.\Release\plus.exe
     1>Done Building Project "G:\Univ\Intro to CV\Food pic\kinda works\plus.vcxproj" (Build target(s)).

Build succeeded.

Time Elapsed 00:00:09.37
